0 info it worked if it ends with ok
1 verbose cli [ '/usr/local/bin/node',
1 verbose cli   '/usr/local/bin/npm',
1 verbose cli   'install',
1 verbose cli   '-g',
1 verbose cli   'create-react-app' ]
2 info using npm@2.14.12
3 info using node@v4.2.4
4 verbose install initial load of /usr/local/lib/package.json
5 verbose readDependencies loading dependencies from /usr/local/lib/package.json
6 silly cache add args [ 'create-react-app', null ]
7 verbose cache add spec create-react-app
8 silly cache add parsed spec Result {
8 silly cache add   raw: 'create-react-app',
8 silly cache add   scope: null,
8 silly cache add   name: 'create-react-app',
8 silly cache add   rawSpec: '',
8 silly cache add   spec: 'latest',
8 silly cache add   type: 'tag' }
9 silly addNamed create-react-app@latest
10 verbose addNamed "latest" is being treated as a dist-tag for create-react-app
11 info addNameTag [ 'create-react-app', 'latest' ]
12 silly mapToRegistry name create-react-app
13 silly mapToRegistry using default registry
14 silly mapToRegistry registry https://registry.npmjs.org/
15 silly mapToRegistry uri https://registry.npmjs.org/create-react-app
16 verbose addNameTag registry:https://registry.npmjs.org/create-react-app not in flight; fetching
17 verbose request uri https://registry.npmjs.org/create-react-app
18 verbose request no auth needed
19 info attempt registry request try #1 at 8:01:42 PM
20 verbose request id ce1db83c3840d6f0
21 verbose etag W/"5873e8a9-597c"
22 verbose lastModified Mon, 09 Jan 2017 19:46:49 GMT
23 http request GET https://registry.npmjs.org/create-react-app
24 http 304 https://registry.npmjs.org/create-react-app
25 verbose headers { date: 'Thu, 19 Jan 2017 02:01:42 GMT',
25 verbose headers   via: '1.1 varnish',
25 verbose headers   'cache-control': 'max-age=300',
25 verbose headers   etag: 'W/"5873e8a9-597c"',
25 verbose headers   age: '96',
25 verbose headers   connection: 'keep-alive',
25 verbose headers   'x-served-by': 'cache-dfw1843-DFW',
25 verbose headers   'x-cache': 'HIT',
25 verbose headers   'x-cache-hits': '1',
25 verbose headers   'x-timer': 'S1484791302.940101,VS0,VE0',
25 verbose headers   vary: 'Accept-Encoding' }
26 silly get cb [ 304,
26 silly get   { date: 'Thu, 19 Jan 2017 02:01:42 GMT',
26 silly get     via: '1.1 varnish',
26 silly get     'cache-control': 'max-age=300',
26 silly get     etag: 'W/"5873e8a9-597c"',
26 silly get     age: '96',
26 silly get     connection: 'keep-alive',
26 silly get     'x-served-by': 'cache-dfw1843-DFW',
26 silly get     'x-cache': 'HIT',
26 silly get     'x-cache-hits': '1',
26 silly get     'x-timer': 'S1484791302.940101,VS0,VE0',
26 silly get     vary: 'Accept-Encoding' } ]
27 verbose etag https://registry.npmjs.org/create-react-app from cache
28 verbose get saving create-react-app to /Users/cLo/.npm/registry.npmjs.org/create-react-app/.cache.json
29 silly addNameTag next cb for create-react-app with tag latest
30 silly addNamed create-react-app@1.0.3
31 verbose addNamed "1.0.3" is a plain semver version for create-react-app
32 silly cache afterAdd create-react-app@1.0.3
33 verbose afterAdd /Users/cLo/.npm/create-react-app/1.0.3/package/package.json not in flight; writing
34 verbose afterAdd /Users/cLo/.npm/create-react-app/1.0.3/package/package.json written
35 silly install resolved [ { name: 'create-react-app',
35 silly install resolved     version: '1.0.3',
35 silly install resolved     keywords: [ 'react' ],
35 silly install resolved     description: 'Create React apps with no build configuration.',
35 silly install resolved     repository:
35 silly install resolved      { type: 'git',
35 silly install resolved        url: 'git+https://github.com/facebookincubator/create-react-app.git' },
35 silly install resolved     license: 'BSD-3-Clause',
35 silly install resolved     engines: { node: '>=4' },
35 silly install resolved     bugs: { url: 'https://github.com/facebookincubator/create-react-app/issues' },
35 silly install resolved     files: [ 'index.js' ],
35 silly install resolved     bin: { 'create-react-app': './index.js' },
35 silly install resolved     dependencies:
35 silly install resolved      { chalk: '^1.1.1',
35 silly install resolved        commander: '^2.9.0',
35 silly install resolved        'cross-spawn': '^4.0.0',
35 silly install resolved        'path-exists': '^2.1.0',
35 silly install resolved        semver: '^5.0.3' },
35 silly install resolved     homepage: 'https://github.com/facebookincubator/create-react-app#readme',
35 silly install resolved     _id: 'create-react-app@1.0.3',
35 silly install resolved     scripts: {},
35 silly install resolved     _shasum: 'd1dfeb04bcf8aa9571bf1eb60784e702bda0ce42',
35 silly install resolved     _from: 'create-react-app@latest',
35 silly install resolved     _npmVersion: '3.10.9',
35 silly install resolved     _nodeVersion: '6.9.2',
35 silly install resolved     _npmUser: { name: 'fson', email: 'ville.immonen@iki.fi' },
35 silly install resolved     dist:
35 silly install resolved      { shasum: 'd1dfeb04bcf8aa9571bf1eb60784e702bda0ce42',
35 silly install resolved        tarball: 'https://registry.npmjs.org/create-react-app/-/create-react-app-1.0.3.tgz' },
35 silly install resolved     maintainers: [ [Object], [Object], [Object], [Object] ],
35 silly install resolved     _npmOperationalInternal:
35 silly install resolved      { host: 'packages-12-west.internal.npmjs.com',
35 silly install resolved        tmp: 'tmp/create-react-app-1.0.3.tgz_1483977104337_0.287548839347437' },
35 silly install resolved     directories: {},
35 silly install resolved     _resolved: 'https://registry.npmjs.org/create-react-app/-/create-react-app-1.0.3.tgz',
35 silly install resolved     readme: 'ERROR: No README data found!' } ]
36 info install create-react-app@1.0.3 into /usr/local/lib
37 info installOne create-react-app@1.0.3
38 verbose installOne of create-react-app to /usr/local/lib not in flight; installing
39 verbose lock using /Users/cLo/.npm/_locks/create-react-app-0e023debf1332c64.lock for /usr/local/lib/node_modules/create-react-app
40 silly install write writing create-react-app 1.0.3 to /usr/local/lib/node_modules/create-react-app
41 verbose unbuild lib/node_modules/create-react-app
42 silly gentlyRm /usr/local/lib/node_modules/create-react-app is being purged from base /usr/local
43 verbose gentlyRm don't care about contents; nuking /usr/local/lib/node_modules/create-react-app
44 verbose tar unpack /Users/cLo/.npm/create-react-app/1.0.3/package.tgz
45 verbose tar unpacking to /usr/local/lib/node_modules/create-react-app
46 silly gentlyRm /usr/local/lib/node_modules/create-react-app is being purged
47 verbose gentlyRm don't care about contents; nuking /usr/local/lib/node_modules/create-react-app
48 silly gunzTarPerm modes [ '755', '644' ]
49 error tar.unpack untar error /Users/cLo/.npm/create-react-app/1.0.3/package.tgz
50 verbose unlock done using /Users/cLo/.npm/_locks/create-react-app-0e023debf1332c64.lock for /usr/local/lib/node_modules/create-react-app
51 verbose fstream_path /usr/local/lib/node_modules/create-react-app
52 verbose fstream_type Directory
53 verbose fstream_class DirWriter
54 verbose stack Error: EACCES: permission denied, mkdir '/usr/local/lib/node_modules/create-react-app'
54 verbose stack     at Error (native)
55 verbose fstream_stack /usr/local/lib/node_modules/npm/node_modules/fstream/lib/dir-writer.js:35:25
55 verbose fstream_stack /usr/local/lib/node_modules/npm/node_modules/mkdirp/index.js:47:53
55 verbose fstream_stack FSReqWrap.oncomplete (fs.js:82:15)
56 verbose cwd /Users/cLo/Desktop/React
57 error Darwin 15.6.0
58 error argv "/usr/local/bin/node" "/usr/local/bin/npm" "install" "-g" "create-react-app"
59 error node v4.2.4
60 error npm  v2.14.12
61 error path /usr/local/lib/node_modules/create-react-app
62 error code EACCES
63 error errno -13
64 error syscall mkdir
65 error Error: EACCES: permission denied, mkdir '/usr/local/lib/node_modules/create-react-app'
65 error     at Error (native)
65 error  { [Error: EACCES: permission denied, mkdir '/usr/local/lib/node_modules/create-react-app']
65 error   errno: -13,
65 error   code: 'EACCES',
65 error   syscall: 'mkdir',
65 error   path: '/usr/local/lib/node_modules/create-react-app',
65 error   fstream_type: 'Directory',
65 error   fstream_path: '/usr/local/lib/node_modules/create-react-app',
65 error   fstream_class: 'DirWriter',
65 error   fstream_stack:
65 error    [ '/usr/local/lib/node_modules/npm/node_modules/fstream/lib/dir-writer.js:35:25',
65 error      '/usr/local/lib/node_modules/npm/node_modules/mkdirp/index.js:47:53',
65 error      'FSReqWrap.oncomplete (fs.js:82:15)' ] }
66 error Please try running this command again as root/Administrator.
67 verbose exit [ -13, true ]
68 verbose unbuild lib/node_modules/create-react-app
69 silly gentlyRm /usr/local/lib/node_modules/create-react-app is being purged from base /usr/local
70 verbose gentlyRm don't care about contents; nuking /usr/local/lib/node_modules/create-react-app
